Copyright 1986-2016 Xilinx, Inc. All Rights Reserved.
----------------------------------------------------------------------------------------------------------------------------------------------------------------------------------
| Tool Version     : Vivado v.2016.2 (lin64) Build 1577090 Thu Jun  2 16:32:35 MDT 2016
| Date             : Fri Feb 17 10:12:18 2017
| Host             : Lenovo-IdeaPad-Y480 running 64-bit Ubuntu 16.04.1 LTS
| Command          : report_power -file pipeline_cpu_display_power_routed.rpt -pb pipeline_cpu_display_power_summary_routed.pb -rpx pipeline_cpu_display_power_routed.rpx
| Design           : pipeline_cpu_display
| Device           : xc7a200tfbg676-2
| Design State     : routed
| Grade            : commercial
| Process          : typical
| Characterization : Production
----------------------------------------------------------------------------------------------------------------------------------------------------------------------------------

Power Report

Table of Contents
-----------------
1. Summary
1.1 On-Chip Components
1.2 Power Supply Summary
1.3 Confidence Level
2. Settings
2.1 Environment
2.2 Clock Constraints
3. Detailed Reports
3.1 By Hierarchy

1. Summary
----------

+--------------------------+----------------------------------+
| Total On-Chip Power (W)  | 59.624 (Junction temp exceeded!) |
| Dynamic (W)              | 57.938                           |
| Device Static (W)        | 1.686                            |
| Effective TJA (C/W)      | 1.9                              |
| Max Ambient (C)          | 0.0                              |
| Junction Temperature (C) | 125.0                            |
| Confidence Level         | Low                              |
| Setting File             | ---                              |
| Simulation Activity File | ---                              |
| Design Nets Matched      | NA                               |
+--------------------------+----------------------------------+


1.1 On-Chip Components
----------------------

+----------------+-----------+----------+-----------+-----------------+
| On-Chip        | Power (W) | Used     | Available | Utilization (%) |
+----------------+-----------+----------+-----------+-----------------+
| Slice Logic    |     5.205 |     5644 |       --- |             --- |
|   LUT as Logic |     4.424 |     2765 |    133800 |            2.07 |
|   CARRY4       |     0.439 |       90 |     33450 |            0.27 |
|   Register     |     0.249 |     2168 |    267600 |            0.81 |
|   BUFG         |     0.058 |        3 |        32 |            9.38 |
|   F7/F8 Muxes  |     0.035 |      310 |    133800 |            0.23 |
|   Others       |     0.000 |       33 |       --- |             --- |
| Signals        |     7.694 |     4485 |       --- |             --- |
| Block RAM      |     0.292 |      2.5 |       365 |            0.68 |
| I/O            |    44.748 |       29 |       400 |            7.25 |
| Static Power   |     1.686 |          |           |                 |
| Total          |    59.624 |          |           |                 |
+----------------+-----------+----------+-----------+-----------------+


1.2 Power Supply Summary
------------------------

+-----------+-------------+-----------+-------------+------------+
| Source    | Voltage (V) | Total (A) | Dynamic (A) | Static (A) |
+-----------+-------------+-----------+-------------+------------+
| Vccint    |       1.000 |    14.387 |      13.175 |      1.213 |
| Vccaux    |       1.800 |     1.845 |       1.639 |      0.206 |
| Vcco33    |       3.300 |    12.668 |      12.663 |      0.005 |
| Vcco25    |       2.500 |     0.000 |       0.000 |      0.000 |
| Vcco18    |       1.800 |     0.000 |       0.000 |      0.000 |
| Vcco15    |       1.500 |     0.000 |       0.000 |      0.000 |
| Vcco135   |       1.350 |     0.000 |       0.000 |      0.000 |
| Vcco12    |       1.200 |     0.000 |       0.000 |      0.000 |
| Vccaux_io |       1.800 |     0.000 |       0.000 |      0.000 |
| Vccbram   |       1.000 |     0.074 |       0.024 |      0.050 |
| MGTAVcc   |       1.000 |     0.000 |       0.000 |      0.000 |
| MGTAVtt   |       1.200 |     0.000 |       0.000 |      0.000 |
| Vccadc    |       1.800 |     0.020 |       0.000 |      0.020 |
+-----------+-------------+-----------+-------------+------------+


1.3 Confidence Level
--------------------

+-----------------------------+------------+--------------------------------------------------------+--------------------------------------------------------------------------------------------------------------------+
| User Input Data             | Confidence | Details                                                | Action                                                                                                             |
+-----------------------------+------------+--------------------------------------------------------+--------------------------------------------------------------------------------------------------------------------+
| Design implementation state | High       | Design is routed                                       |                                                                                                                    |
| Clock nodes activity        | Low        | User specified less than 75% of clocks                 | Provide missing clock activity with a constraint file, simulation results or by editing the "By Clock Domain" view |
| I/O nodes activity          | Low        | More than 75% of inputs are missing user specification | Provide missing input activity with simulation results or by editing the "By Resource Type -> I/Os" view           |
| Internal nodes activity     | Medium     | User specified less than 25% of internal nodes         | Provide missing internal nodes activity with simulation results or by editing the "By Resource Type" views         |
| Device models               | High       | Device models are Production                           |                                                                                                                    |
|                             |            |                                                        |                                                                                                                    |
| Overall confidence level    | Low        |                                                        |                                                                                                                    |
+-----------------------------+------------+--------------------------------------------------------+--------------------------------------------------------------------------------------------------------------------+


2. Settings
-----------

2.1 Environment
---------------

+-----------------------+--------------------------+
| Ambient Temp (C)      | 25.0                     |
| ThetaJA (C/W)         | 1.9                      |
| Airflow (LFM)         | 250                      |
| Heat Sink             | medium (Medium Profile)  |
| ThetaSA (C/W)         | 3.4                      |
| Board Selection       | medium (10"x10")         |
| # of Board Layers     | 12to15 (12 to 15 Layers) |
| Board Temperature (C) | 25.0                     |
+-----------------------+--------------------------+


2.2 Clock Constraints
---------------------

+-------+--------+-----------------+
| Clock | Domain | Constraint (ns) |
+-------+--------+-----------------+


3. Detailed Reports
-------------------

3.1 By Hierarchy
----------------

+------------------------------------------------+-----------+
| Name                                           | Power (W) |
+------------------------------------------------+-----------+
| pipeline_cpu_display                           |    57.938 |
|   cpu                                          |    10.043 |
|     EXE_module                                 |     1.205 |
|       multiply_module                          |     1.205 |
|     IF_module                                  |     1.357 |
|     MEM_module                                 |     0.090 |
|     WB_module                                  |     0.999 |
|     data_ram_module                            |     0.119 |
|       U0                                       |     0.119 |
|         inst_blk_mem_gen                       |     0.119 |
|           gnbram.gnativebmg.native_blk_mem_gen |     0.119 |
|             valid.cstr                         |     0.119 |
|               ramloop[0].ram.r                 |     0.119 |
|                 prim_noinit.ram                |     0.119 |
|     inst_rom_module                            |     0.218 |
|       U0                                       |     0.218 |
|         inst_blk_mem_gen                       |     0.218 |
|           gnbram.gnativebmg.native_blk_mem_gen |     0.218 |
|             valid.cstr                         |     0.218 |
|               ramloop[0].ram.r                 |     0.218 |
|                 prim_init.ram                  |     0.218 |
|     rf_module                                  |     1.597 |
|   lcd_module                                   |    47.592 |
|     lcd_draw_module                            |     0.851 |
|     lcd_init_module                            |     0.650 |
|     lcd_rom_module                             |     0.430 |
|       U0                                       |     0.430 |
|         inst_blk_mem_gen                       |     0.430 |
|           gnativebmg.native_blk_mem_gen        |     0.430 |
|             valid.cstr                         |     0.430 |
|               ramloop[0].ram.r                 |     0.430 |
|                 prim_init.ram                  |     0.430 |
|     touch_module                               |     0.298 |
|       int_io                                   |     0.000 |
|       sda_io                                   |     0.036 |
+------------------------------------------------+-----------+


