Copyright 1986-2016 Xilinx, Inc. All Rights Reserved.
-------------------------------------------------------------------------------------------------
| Tool Version : Vivado v.2016.2 (lin64) Build 1577090 Thu Jun  2 16:32:35 MDT 2016
| Date         : Fri Feb 17 10:11:21 2017
| Host         : Lenovo-IdeaPad-Y480 running 64-bit Ubuntu 16.04.1 LTS
| Command      : report_control_sets -verbose -file pipeline_cpu_display_control_sets_placed.rpt
| Design       : pipeline_cpu_display
| Device       : xc7a200t
-------------------------------------------------------------------------------------------------

Control Set Information

Table of Contents
-----------------
1. Summary
2. Flip-Flop Distribution
3. Detailed Control Set Information

1. Summary
----------

+----------------------------------------------------------+-------+
|                          Status                          | Count |
+----------------------------------------------------------+-------+
| Number of unique control sets                            |    69 |
| Unused register locations in slices containing registers |    96 |
+----------------------------------------------------------+-------+


2. Flip-Flop Distribution
-------------------------

+--------------+-----------------------+------------------------+-----------------+--------------+
| Clock Enable | Synchronous Set/Reset | Asynchronous Set/Reset | Total Registers | Total Slices |
+--------------+-----------------------+------------------------+-----------------+--------------+
| No           | No                    | No                     |             150 |           80 |
| No           | No                    | Yes                    |               0 |            0 |
| No           | Yes                   | No                     |              95 |           41 |
| Yes          | No                    | No                     |            1639 |          688 |
| Yes          | No                    | Yes                    |               0 |            0 |
| Yes          | Yes                   | No                     |             284 |           88 |
+--------------+-----------------------+------------------------+-----------------+--------------+


3. Detailed Control Set Information
-----------------------------------

+------------------------+-------------------------------------------------------+---------------------------------------------------------+------------------+----------------+
|      Clock Signal      |                     Enable Signal                     |                     Set/Reset Signal                    | Slice Load Count | Bel Load Count |
+------------------------+-------------------------------------------------------+---------------------------------------------------------+------------------+----------------+
|  lcd_module/clk_2_BUFG |                                                       | lcd_module/lcd_draw_module/draw_block_number1           |                1 |              1 |
|  clk_IBUF_BUFG         | lcd_module/touch_module/input_value[3]_i_1_n_0        | lcd_module/touch_module/input_value[31]_i_1_n_0         |                2 |              4 |
|  lcd_module/clk_2_BUFG | lcd_module/lcd_draw_module/set_xy_valid_reg_n_0       | lcd_module/lcd_draw_module/draw_block_number1           |                2 |              4 |
|  cpu_clk               |                                                       | cpu/WB_valid_i_1_n_0                                    |                3 |              4 |
|  lcd_module/clk_2_BUFG |                                                       | lcd_module/lcd_draw_module/display_count_y[4]_i_1_n_0   |                2 |              5 |
|  lcd_module/clk_2_BUFG | lcd_module/lcd_init_module/display_x_h[4]_i_1_n_0     | lcd_module/lcd_init_module/init_display_begin0          |                2 |              5 |
|  lcd_module/clk_2_BUFG | lcd_module/lcd_init_module/init_display_begin_reg_n_0 | lcd_module/lcd_init_module/init_display_begin0          |                3 |              5 |
|  lcd_module/clk_2_BUFG | lcd_module/lcd_draw_module/draw_wr_valid0             | lcd_module/lcd_draw_module/draw_data[4]_i_1_n_0         |                3 |              5 |
|  clk_IBUF_BUFG         |                                                       | lcd_module/touch_module/clk_count0                      |                2 |              6 |
|  lcd_module/clk_2_BUFG | lcd_module/lcd_draw_module/draw_block_end             | lcd_module/lcd_draw_module/draw_block_number0           |                3 |              6 |
|  lcd_module/clk_2_BUFG | lcd_module/lcd_draw_module/display_count_x[7]_i_2_n_0 | lcd_module/lcd_draw_module/display_count_x[7]_i_1_n_0   |                3 |              8 |
|  clk_IBUF_BUFG         | lcd_module/touch_module/send_byte[0]_i_1_n_0          |                                                         |                3 |              8 |
|  lcd_module/clk_2_BUFG | lcd_module/lcd_draw_module/td_count_x[8]_i_2_n_0      | lcd_module/lcd_draw_module/td_count_x[8]_i_1_n_0        |                4 |              9 |
|  lcd_module/clk_2_BUFG |                                                       | lcd_module/lcd_draw_module/td_count_y0                  |                3 |              9 |
|  lcd_module/clk_2_BUFG | lcd_module/lcd_draw_module/draw_wr_valid0             |                                                         |                3 |             10 |
|  lcd_module/clk_2_BUFG | lcd_module/lcd_init_module/display_y0                 | lcd_module/lcd_init_module/init_display_begin0          |                5 |             10 |
|  lcd_module/clk_2_BUFG | lcd_module/lcd_init_module/sel                        | lcd_module/lcd_init_module/init_rom_pc0                 |                5 |             11 |
|  cpu_clk               |                                                       |                                                         |                8 |             13 |
|  cpu_clk               | cpu/IF_module/ID_allow_in0                            | cpu/IF_module/ID_EXE_bus_r_reg[103]                     |                4 |             15 |
|  cpu_clk               | cpu/IF_module/ID_allow_in0                            | cpu/IF_module/ID_EXE_bus_r_reg[119]                     |                3 |             16 |
|  lcd_module/clk_2_BUFG |                                                       |                                                         |                9 |             18 |
|  clk_IBUF_BUFG         |                                                       | lcd_module/touch_module/rst_count0                      |                6 |             22 |
|  clk_IBUF_BUFG         |                                                       | display_valid0                                          |               11 |             22 |
|  clk_IBUF_BUFG         |                                                       | lcd_module/touch_module/int_o_en_reg_0                  |               13 |             26 |
|  clk_IBUF_BUFG         | lcd_module/touch_module/input_value[31]_i_2_n_0       | lcd_module/touch_module/input_value[31]_i_1_n_0         |                4 |             28 |
|  cpu_clk               | cpu/IF_module/next_fetch                              | cpu/IF_module/SS[0]                                     |               13 |             30 |
|  cpu_clk               | cpu/rf_module/rf[13][31]_i_1_n_0                      |                                                         |               12 |             32 |
|  cpu_clk               | cpu/rf_module/rf[12][31]_i_1_n_0                      |                                                         |               15 |             32 |
|  cpu_clk               | cpu/rf_module/rf[10][31]_i_1_n_0                      |                                                         |               18 |             32 |
|  cpu_clk               | cpu/rf_module/rf[11][31]_i_1_n_0                      |                                                         |               20 |             32 |
|  cpu_clk               | cpu/rf_module/rf[17][31]_i_1_n_0                      |                                                         |               12 |             32 |
|  cpu_clk               | cpu/rf_module/rf[14][31]_i_1_n_0                      |                                                         |               16 |             32 |
|  cpu_clk               | cpu/rf_module/rf[15][31]_i_1_n_0                      |                                                         |               16 |             32 |
|  cpu_clk               | cpu/rf_module/rf[16][31]_i_1_n_0                      |                                                         |               10 |             32 |
|  clk_IBUF_BUFG         | lcd_module/touch_module/input_valid_OBUF              | cpu/IF_module/SS[0]                                     |                6 |             32 |
|  cpu_clk               | cpu/rf_module/rf                                      |                                                         |               24 |             32 |
|  cpu_clk               | cpu/rf_module/rf[9][31]_i_1_n_0                       |                                                         |               13 |             32 |
|  cpu_clk               | cpu/rf_module/rf[8][31]_i_1_n_0                       |                                                         |               15 |             32 |
|  cpu_clk               | cpu/rf_module/rf[7][31]_i_1_n_0                       |                                                         |               25 |             32 |
|  cpu_clk               | cpu/rf_module/rf[6][31]_i_1_n_0                       |                                                         |               22 |             32 |
|  cpu_clk               | cpu/WB_module/epc_r[31]_i_1_n_0                       |                                                         |               12 |             32 |
|  cpu_clk               | cpu/MEM_WB_bus_r[47]                                  |                                                         |               15 |             32 |
|  cpu_clk               | cpu/MEM_WB_bus_r[46]                                  |                                                         |                8 |             32 |
|  cpu_clk               | cpu/rf_module/rf[18][31]_i_1_n_0                      |                                                         |               14 |             32 |
|  cpu_clk               | cpu/EXE_module/multiply_module/multiplier             | cpu/EXE_module/multiply_module/multiplicand[63]_i_1_n_0 |               10 |             32 |
|  cpu_clk               | cpu/rf_module/rf[5][31]_i_1_n_0                       |                                                         |               17 |             32 |
|  cpu_clk               | cpu/rf_module/rf[4][31]_i_1_n_0                       |                                                         |               17 |             32 |
|  cpu_clk               | cpu/rf_module/rf[3][31]_i_1_n_0                       |                                                         |               14 |             32 |
|  cpu_clk               | cpu/rf_module/rf[30][31]_i_1_n_0                      |                                                         |               17 |             32 |
|  cpu_clk               | cpu/rf_module/rf[2][31]_i_1_n_0                       |                                                         |                8 |             32 |
|  cpu_clk               | cpu/rf_module/rf[29][31]_i_1_n_0                      |                                                         |               12 |             32 |
|  cpu_clk               | cpu/rf_module/rf[28][31]_i_1_n_0                      |                                                         |               16 |             32 |
|  cpu_clk               | cpu/rf_module/rf[27][31]_i_1_n_0                      |                                                         |               18 |             32 |
|  cpu_clk               | cpu/rf_module/rf[26][31]_i_1_n_0                      |                                                         |               12 |             32 |
|  cpu_clk               | cpu/rf_module/rf[25][31]_i_1_n_0                      |                                                         |               13 |             32 |
|  cpu_clk               | cpu/rf_module/rf[24][31]_i_1_n_0                      |                                                         |               11 |             32 |
|  cpu_clk               | cpu/rf_module/rf[23][31]_i_1_n_0                      |                                                         |               17 |             32 |
|  cpu_clk               | cpu/rf_module/rf[22][31]_i_1_n_0                      |                                                         |               18 |             32 |
|  cpu_clk               | cpu/rf_module/rf[21][31]_i_1_n_0                      |                                                         |               13 |             32 |
|  cpu_clk               | cpu/rf_module/rf[20][31]_i_1_n_0                      |                                                         |                9 |             32 |
|  cpu_clk               | cpu/rf_module/rf[1][31]_i_1_n_0                       |                                                         |               16 |             32 |
|  cpu_clk               | cpu/rf_module/rf[19][31]_i_1_n_0                      |                                                         |               26 |             32 |
|  cpu_clk               | cpu/IF_module/E[0]                                    |                                                         |               14 |             64 |
|  cpu_clk               | cpu/EXE_module/multiply_module/multiplier             |                                                         |               20 |             64 |
|  cpu_clk               | cpu/EXE_module/multiply_module/mult_valid             | cpu/EXE_module/multiply_module/product_temp             |               16 |             64 |
|  cpu_clk               | cpu/MEM_module/E[0]                                   |                                                         |               43 |            118 |
|  clk_IBUF_BUFG         |                                                       |                                                         |               63 |            119 |
|  cpu_clk               | cpu/IF_module/ID_allow_in0                            |                                                         |               39 |            135 |
|  cpu_clk               | cpu/EXE_module/multiply_module/EXE_allow_in0          |                                                         |               45 |            152 |
+------------------------+-------------------------------------------------------+---------------------------------------------------------+------------------+----------------+


