Control Set Information: 
Number of unique control sets: 23
Minimum Number of register sites lost to control set restrictions: 105
-------------------------------------------------------------------------------------------------------------------------------------------------------------------------------
| Clock Signal          | Enable Signal                                         | Set/Reset Signal                                      | Slice Load Count   | Bel Load Count |
-------------------------------------------------------------------------------------------------------------------------------------------------------------------------------
| lcd_module/clk_2_BUFG |                                                       | lcd_module/lcd_draw_module/draw_block_number1         | 1                  | 1
| lcd_module/clk_2_BUFG | lcd_module/lcd_draw_module/set_xy_valid_reg_n_0       | lcd_module/lcd_draw_module/draw_block_number1         | 1                  | 4
| clk_IBUF_BUFG         | lcd_module/touch_module/input_value[3]_i_1_n_0        | lcd_module/touch_module/input_value[31]_i_1_n_0       | 2                  | 4
| lcd_module/clk_2_BUFG |                                                       | lcd_module/lcd_draw_module/display_count_y[4]_i_1_n_0 | 2                  | 5
| lcd_module/clk_2_BUFG | lcd_module/lcd_init_module/display_x_h[4]_i_1_n_0     | lcd_module/lcd_init_module/init_display_begin0        | 2                  | 5
| lcd_module/clk_2_BUFG | lcd_module/lcd_init_module/init_display_begin_reg_n_0 | lcd_module/lcd_init_module/init_display_begin0        | 3                  | 5
| lcd_module/clk_2_BUFG | lcd_module/lcd_draw_module/draw_wr_valid0             | lcd_module/lcd_draw_module/draw_data[4]_i_1_n_0       | 2                  | 5
| lcd_module/clk_2_BUFG | lcd_module/lcd_draw_module/draw_block_end             | lcd_module/lcd_draw_module/draw_block_number0         | 2                  | 6
| clk_IBUF_BUFG         |                                                       | lcd_module/touch_module/clk_count0                    | 2                  | 6
| clk_IBUF_BUFG         | lcd_module/touch_module/send_byte[0]_i_1_n_0          |                                                       | 3                  | 8
| lcd_module/clk_2_BUFG | lcd_module/lcd_draw_module/display_count_x[7]_i_2_n_0 | lcd_module/lcd_draw_module/display_count_x[7]_i_1_n_0 | 3                  | 8
| lcd_module/clk_2_BUFG |                                                       | lcd_module/lcd_draw_module/td_count_y0                | 6                  | 9
| lcd_module/clk_2_BUFG | lcd_module/lcd_draw_module/td_count_x[8]_i_2_n_0      | lcd_module/lcd_draw_module/td_count_x[8]_i_1_n_0      | 4                  | 9
| lcd_module/clk_2_BUFG | lcd_module/lcd_init_module/display_y0                 | lcd_module/lcd_init_module/init_display_begin0        | 5                  | 10
| lcd_module/clk_2_BUFG | lcd_module/lcd_draw_module/draw_wr_valid0             |                                                       | 3                  | 10
| lcd_module/clk_2_BUFG | lcd_module/lcd_init_module/sel                        | lcd_module/lcd_init_module/init_rom_pc0               | 3                  | 11
| lcd_module/clk_2_BUFG |                                                       |                                                       | 12                 | 18
| clk_IBUF_BUFG         |                                                       | lcd_module/touch_module/rst_count0                    | 6                  | 22
| clk_IBUF_BUFG         |                                                       | lcd_module/touch_module/int_o_en_reg_0                | 19                 | 26
| clk_IBUF_BUFG         | lcd_module/touch_module/input_value[31]_i_2_n_0       | lcd_module/touch_module/input_value[31]_i_1_n_0       | 8                  | 28
| clk_IBUF_BUFG         | n_0_wdata_reg[31]_i_2                                 | n_0_wdata_reg[31]_i_1                                 | 8                  | 32
| clk_IBUF_BUFG         |                                                       | n_0_display_value_reg[31]_i_1                         | 24                 | 34
| clk_IBUF_BUFG         |                                                       |                                                       | 443                | 1173
-------------------------------------------------------------------------------------------------------------------------------------------------------------------------------
