Copyright 1986-2016 Xilinx, Inc. All Rights Reserved.
-------------------------------------------------------------------------------------------------------------------------------------------------------------------------------------------
| Tool Version     : Vivado v.2016.2 (lin64) Build 1577090 Thu Jun  2 16:32:35 MDT 2016
| Date             : Fri Feb 17 09:50:38 2017
| Host             : Lenovo-IdeaPad-Y480 running 64-bit Ubuntu 16.04.1 LTS
| Command          : report_power -file multi_cycle_cpu_display_power_routed.rpt -pb multi_cycle_cpu_display_power_summary_routed.pb -rpx multi_cycle_cpu_display_power_routed.rpx
| Design           : multi_cycle_cpu_display
| Device           : xc7a200tfbg676-2
| Design State     : routed
| Grade            : commercial
| Process          : typical
| Characterization : Production
-------------------------------------------------------------------------------------------------------------------------------------------------------------------------------------------

Power Report

Table of Contents
-----------------
1. Summary
1.1 On-Chip Components
1.2 Power Supply Summary
1.3 Confidence Level
2. Settings
2.1 Environment
2.2 Clock Constraints
3. Detailed Reports
3.1 By Hierarchy

1. Summary
----------

+--------------------------+----------------------------------+
| Total On-Chip Power (W)  | 52.591 (Junction temp exceeded!) |
| Dynamic (W)              | 50.990                           |
| Device Static (W)        | 1.602                            |
| Effective TJA (C/W)      | 1.9                              |
| Max Ambient (C)          | 0.0                              |
| Junction Temperature (C) | 123.3                            |
| Confidence Level         | Low                              |
| Setting File             | ---                              |
| Simulation Activity File | ---                              |
| Design Nets Matched      | NA                               |
+--------------------------+----------------------------------+


1.1 On-Chip Components
----------------------

+----------------+-----------+----------+-----------+-----------------+
| On-Chip        | Power (W) | Used     | Available | Utilization (%) |
+----------------+-----------+----------+-----------+-----------------+
| Slice Logic    |     2.683 |     4641 |       --- |             --- |
|   LUT as Logic |     2.353 |     2261 |    133800 |            1.69 |
|   CARRY4       |     0.146 |       34 |     33450 |            0.10 |
|   Register     |     0.107 |     1795 |    267600 |            0.67 |
|   BUFG         |     0.058 |        3 |        32 |            9.38 |
|   F7/F8 Muxes  |     0.019 |      284 |    133800 |            0.21 |
|   Others       |     0.000 |       32 |       --- |             --- |
| Signals        |     3.311 |     3710 |       --- |             --- |
| Block RAM      |     0.249 |      2.5 |       365 |            0.68 |
| I/O            |    44.746 |       29 |       400 |            7.25 |
| Static Power   |     1.602 |          |           |                 |
| Total          |    52.591 |          |           |                 |
+----------------+-----------+----------+-----------+-----------------+


1.2 Power Supply Summary
------------------------

+-----------+-------------+-----------+-------------+------------+
| Source    | Voltage (V) | Total (A) | Dynamic (A) | Static (A) |
+-----------+-------------+-----------+-------------+------------+
| Vccint    |       1.000 |     7.379 |       6.231 |      1.149 |
| Vccaux    |       1.800 |     1.836 |       1.639 |      0.196 |
| Vcco33    |       3.300 |    12.668 |      12.663 |      0.005 |
| Vcco25    |       2.500 |     0.000 |       0.000 |      0.000 |
| Vcco18    |       1.800 |     0.000 |       0.000 |      0.000 |
| Vcco15    |       1.500 |     0.000 |       0.000 |      0.000 |
| Vcco135   |       1.350 |     0.000 |       0.000 |      0.000 |
| Vcco12    |       1.200 |     0.000 |       0.000 |      0.000 |
| Vccaux_io |       1.800 |     0.000 |       0.000 |      0.000 |
| Vccbram   |       1.000 |     0.069 |       0.021 |      0.047 |
| MGTAVcc   |       1.000 |     0.000 |       0.000 |      0.000 |
| MGTAVtt   |       1.200 |     0.000 |       0.000 |      0.000 |
| Vccadc    |       1.800 |     0.020 |       0.000 |      0.020 |
+-----------+-------------+-----------+-------------+------------+


1.3 Confidence Level
--------------------

+-----------------------------+------------+--------------------------------------------------------+--------------------------------------------------------------------------------------------------------------------+
| User Input Data             | Confidence | Details                                                | Action                                                                                                             |
+-----------------------------+------------+--------------------------------------------------------+--------------------------------------------------------------------------------------------------------------------+
| Design implementation state | High       | Design is routed                                       |                                                                                                                    |
| Clock nodes activity        | Low        | User specified less than 75% of clocks                 | Provide missing clock activity with a constraint file, simulation results or by editing the "By Clock Domain" view |
| I/O nodes activity          | Low        | More than 75% of inputs are missing user specification | Provide missing input activity with simulation results or by editing the "By Resource Type -> I/Os" view           |
| Internal nodes activity     | Medium     | User specified less than 25% of internal nodes         | Provide missing internal nodes activity with simulation results or by editing the "By Resource Type" views         |
| Device models               | High       | Device models are Production                           |                                                                                                                    |
|                             |            |                                                        |                                                                                                                    |
| Overall confidence level    | Low        |                                                        |                                                                                                                    |
+-----------------------------+------------+--------------------------------------------------------+--------------------------------------------------------------------------------------------------------------------+


2. Settings
-----------

2.1 Environment
---------------

+-----------------------+--------------------------+
| Ambient Temp (C)      | 25.0                     |
| ThetaJA (C/W)         | 1.9                      |
| Airflow (LFM)         | 250                      |
| Heat Sink             | medium (Medium Profile)  |
| ThetaSA (C/W)         | 3.4                      |
| Board Selection       | medium (10"x10")         |
| # of Board Layers     | 12to15 (12 to 15 Layers) |
| Board Temperature (C) | 25.0                     |
+-----------------------+--------------------------+


2.2 Clock Constraints
---------------------

+-------+--------+-----------------+
| Clock | Domain | Constraint (ns) |
+-------+--------+-----------------+


3. Detailed Reports
-------------------

3.1 By Hierarchy
----------------

+------------------------------------------------+-----------+
| Name                                           | Power (W) |
+------------------------------------------------+-----------+
| multi_cycle_cpu_display                        |    50.990 |
|   cpu                                          |     3.112 |
|     EXE_module                                 |     0.243 |
|     ID_module                                  |     0.177 |
|     IF_module                                  |     0.410 |
|     MEM_module                                 |     0.032 |
|     data_ram_module                            |     0.114 |
|       U0                                       |     0.114 |
|         inst_blk_mem_gen                       |     0.114 |
|           gnbram.gnativebmg.native_blk_mem_gen |     0.114 |
|             valid.cstr                         |     0.114 |
|               ramloop[0].ram.r                 |     0.114 |
|                 prim_noinit.ram                |     0.114 |
|     inst_rom_module                            |     0.044 |
|       U0                                       |     0.044 |
|         inst_blk_mem_gen                       |     0.044 |
|           gnbram.gnativebmg.native_blk_mem_gen |     0.044 |
|             valid.cstr                         |     0.044 |
|               ramloop[0].ram.r                 |     0.044 |
|                 prim_init.ram                  |     0.044 |
|     rf_module                                  |     1.028 |
|   lcd_module                                   |    47.565 |
|     lcd_draw_module                            |     0.862 |
|     lcd_init_module                            |     0.630 |
|     lcd_rom_module                             |     0.422 |
|       U0                                       |     0.422 |
|         inst_blk_mem_gen                       |     0.422 |
|           gnativebmg.native_blk_mem_gen        |     0.422 |
|             valid.cstr                         |     0.422 |
|               ramloop[0].ram.r                 |     0.422 |
|                 prim_init.ram                  |     0.422 |
|     touch_module                               |     0.279 |
|       int_io                                   |     0.000 |
|       sda_io                                   |     0.036 |
+------------------------------------------------+-----------+


