Copyright 1986-2016 Xilinx, Inc. All Rights Reserved.
----------------------------------------------------------------------------------------------------------
| Tool Version      : Vivado v.2016.2 (lin64) Build 1577090 Thu Jun  2 16:32:35 MDT 2016
| Date              : Fri Feb 17 09:50:40 2017
| Host              : Lenovo-IdeaPad-Y480 running 64-bit Ubuntu 16.04.1 LTS
| Command           : report_clock_utilization -file multi_cycle_cpu_display_clock_utilization_routed.rpt
| Design            : multi_cycle_cpu_display
| Device            : 7a200t-fbg676
| Speed File        : -2  PRODUCTION 1.14 2014-09-11
| Temperature Grade : C
----------------------------------------------------------------------------------------------------------

Clock Utilization Report

Table of Contents
-----------------
1. Clock Primitive Utilization
2. Global Clock Resources
3. Global Clock Source Details
4. Local Clock Details
5. Clock Regions: Key Resource Utilization
6. Clock Regions : Global Clock Summary
7. Cell Type Counts per Global Clock: Region X1Y2
8. Cell Type Counts per Global Clock: Region X0Y3
9. Load Cell Placement Summary for Global Clock g0
10. Load Cell Placement Summary for Global Clock g1
11. Load Cell Placement Summary for Global Clock g2

1. Clock Primitive Utilization
------------------------------

+----------+------+-----------+-----+--------------+--------+
| Type     | Used | Available | LOC | Clock Region | Pblock |
+----------+------+-----------+-----+--------------+--------+
| BUFGCTRL |    3 |        32 |   0 |            0 |      0 |
| BUFH     |    0 |       120 |   0 |            0 |      0 |
| BUFIO    |    0 |        40 |   0 |            0 |      0 |
| BUFMR    |    0 |        20 |   0 |            0 |      0 |
| BUFR     |    0 |        40 |   0 |            0 |      0 |
| MMCM     |    0 |        10 |   0 |            0 |      0 |
| PLL      |    0 |        10 |   0 |            0 |      0 |
+----------+------+-----------+-----+--------------+--------+


2. Global Clock Resources
-------------------------

+-------+-------+-----------------+------------+---------------+--------------+------+-------------------+---------------+-------------+-----------------+--------------+-------+------------------------------+-----------------------+
| GlbID | SrcId | Driver Type/Pin | Constraint | Site          | Clock Region | Root | Clock Delay Group | Clock Regions | Clock Loads | Non-Clock Loads | Clock Period | Clock | Driver Pin                   | Net                   |
+-------+-------+-----------------+------------+---------------+--------------+------+-------------------+---------------+-------------+-----------------+--------------+-------+------------------------------+-----------------------+
| g0    | src0  | BUFGCTRL/O      | None       | BUFGCTRL_X0Y0 | n/a          |      |                   |             1 |        1428 |               0 |              |       | cpu_clk_cg/O                 | cpu_clk               |
| g1    | src0  | BUFG/O          | None       | BUFGCTRL_X0Y1 | n/a          |      |                   |             2 |         267 |               0 |              |       | clk_IBUF_BUFG_inst/O         | clk_IBUF_BUFG         |
| g2    | src1  | BUFG/O          | None       | BUFGCTRL_X0Y2 | n/a          |      |                   |             1 |         106 |               0 |              |       | lcd_module/clk_2_BUFG_inst/O | lcd_module/clk_2_BUFG |
+-------+-------+-----------------+------------+---------------+--------------+------+-------------------+---------------+-------------+-----------------+--------------+-------+------------------------------+-----------------------+
* Note: Multiple constraint types applied to the driver. Please check for potential conflicts.


3. Global Clock Source Details
------------------------------

+-------+--------+-----------------+------------+---------------+--------------+-------------+-----------------+---------------------+--------------+------------------------+------------------+
| SrcID | GlbIDs | Driver Type/Pin | Constraint | Site          | Clock Region | Clock Loads | Non-Clock Loads | Source Clock Period | Source Clock | Driver Pin             | Net              |
+-------+--------+-----------------+------------+---------------+--------------+-------------+-----------------+---------------------+--------------+------------------------+------------------+
| src0  | g0, g1 | IBUF/O          | IOB_X0Y22  | IOB_X0Y22     | X0Y0         |           1 |               1 |                     |              | clk_IBUF_inst/O        | clk_IBUF         |
| src1  | g2     | FDRE/Q          | None       | SLICE_X44Y153 | X0Y3         |           0 |               1 |                     |              | lcd_module/clk_2_reg/Q | lcd_module/clk_2 |
+-------+--------+-----------------+------------+---------------+--------------+-------------+-----------------+---------------------+--------------+------------------------+------------------+
* Note: Multiple constraint types applied to the driver. Please check for potential conflicts.


4. Local Clock Details
----------------------

+-------+-----------------+------------+----------+--------------+-------------+-----------------+--------------+-------+------------+-----+
| LocId | Driver Type/Pin | Constraint | Site/BEL | Clock Region | Clock Loads | Non-Clock Loads | Clock Period | Clock | Driver Pin | Net |
+-------+-----------------+------------+----------+--------------+-------------+-----------------+--------------+-------+------------+-----+
* Note: Multiple constraint types applied to the driver. Please check for potential conflicts.


5. Clock Regions: Key Resource Utilization
------------------------------------------

+-------------------+--------------+--------------+--------------+--------------+--------------+--------------+--------------+--------------+--------------+--------------+--------------+--------------+--------------+--------------+--------------+
|                   | Global Clock |     BUFRs    |    BUFMRs    |    BUFIOs    |     MMCM     |      PLL     |      GT      |      PCI     |    ILOGIC    |    OLOGIC    |      FF      |     LUTM     |    RAMB18    |    RAMB36    |    DSP48E2   |
+-------------------+------+-------+------+-------+------+-------+------+-------+------+-------+------+-------+------+-------+------+-------+------+-------+------+-------+------+-------+------+-------+------+-------+------+-------+------+-------+
| Clock Region Name | Used | Avail | Used | Avail | Used | Avail | Used | Avail | Used | Avail | Used | Avail | Used | Avail | Used | Avail | Used | Avail | Used | Avail | Used | Avail | Used | Avail | Used | Avail | Used | Avail | Used | Avail |
+-------------------+------+-------+------+-------+------+-------+------+-------+------+-------+------+-------+------+-------+------+-------+------+-------+------+-------+------+-------+------+-------+------+-------+------+-------+------+-------+
| X0Y0              |    0 |    12 |    0 |     4 |    0 |     2 |    0 |     4 |    0 |     1 |    0 |     1 |    0 |     5 |    0 |     0 |    0 |    50 |    0 |    50 |    0 | 21600 |    0 |  3200 |    0 |     0 |    0 |    30 |    0 |    60 |
| X1Y0              |    0 |    12 |    0 |     4 |    0 |     2 |    0 |     4 |    0 |     1 |    0 |     1 |    0 |     5 |    0 |     0 |    0 |    50 |    0 |    50 |    0 | 20000 |    0 |  3200 |    0 |     0 |    0 |    20 |    0 |    40 |
| X0Y1              |    0 |    12 |    0 |     4 |    0 |     2 |    0 |     4 |    0 |     1 |    0 |     1 |    0 |     0 |    0 |     0 |    0 |    50 |    0 |    50 |    0 | 33600 |    0 |  5600 |    0 |     0 |    0 |    50 |    0 |   100 |
| X1Y1              |    0 |    12 |    0 |     4 |    0 |     2 |    0 |     4 |    0 |     1 |    0 |     1 |    0 |     0 |    0 |     0 |    0 |    50 |    0 |    50 |    0 | 32000 |    0 |  5600 |    0 |     0 |    0 |    40 |    0 |    80 |
| X0Y2              |    0 |    12 |    0 |     4 |    0 |     2 |    0 |     4 |    0 |     1 |    0 |     1 |    0 |     0 |    0 |     0 |    0 |    50 |    0 |    50 |    0 | 28800 |    0 |  5600 |    0 |     0 |    0 |    50 |    0 |   100 |
| X1Y2              |    1 |    12 |    0 |     4 |    0 |     2 |    0 |     4 |    0 |     1 |    0 |     1 |    0 |     0 |    0 |     0 |    0 |    50 |    0 |    50 |    2 | 32000 |    1 |  5600 |    0 |     0 |    0 |    40 |    0 |    80 |
| X0Y3              |    3 |    12 |    0 |     4 |    0 |     2 |    0 |     4 |    0 |     1 |    0 |     1 |    0 |     0 |    0 |     0 |    0 |    50 |    0 |    50 | 1075 | 28800 |   10 |  5600 |    0 |     0 |    2 |    50 |    0 |   100 |
| X1Y3              |    0 |    12 |    0 |     4 |    0 |     2 |    0 |     4 |    0 |     1 |    0 |     1 |    0 |     0 |    0 |     0 |    0 |    50 |    0 |    50 |    0 | 32000 |    0 |  5600 |    0 |     0 |    0 |    40 |    0 |    80 |
| X0Y4              |    0 |    12 |    0 |     4 |    0 |     2 |    0 |     4 |    0 |     1 |    0 |     1 |    0 |     5 |    0 |     0 |    0 |    50 |    0 |    50 |    0 | 20400 |    0 |  3000 |    0 |     0 |    0 |    25 |    0 |    60 |
| X1Y4              |    0 |    12 |    0 |     4 |    0 |     2 |    0 |     4 |    0 |     1 |    0 |     1 |    0 |     5 |    0 |     0 |    0 |    50 |    0 |    50 |    0 | 20000 |    0 |  3200 |    0 |     0 |    0 |    20 |    0 |    40 |
+-------------------+------+-------+------+-------+------+-------+------+-------+------+-------+------+-------+------+-------+------+-------+------+-------+------+-------+------+-------+------+-------+------+-------+------+-------+------+-------+
* Used Global Clocks includes only global clock resources based on load placement but does not consider global clock resources used to traverse a clock region. Therefore the actual total of Used Global Clocks may be higher.
** RAMB36 site can be used as two RAMB18/FIFO18 sites.


6. Clock Regions : Global Clock Summary
---------------------------------------

+----+----+----+
|    | X0 | X1 |
+----+----+----+
| Y4 |  0 |  0 |
| Y3 |  3 |  0 |
| Y2 |  0 |  1 |
| Y1 |  0 |  0 |
| Y0 |  0 |  0 |
+----+----+----+
* Used Global Clocks includes only global clock resources based on load placement but does not consider global clock resources used to traverse a clock region. Therefore the actual total of Used Global Clocks may be higher.


7. Cell Type Counts per Global Clock: Region X1Y2
-------------------------------------------------

+-------+-------+-----------------+------------+-------------+-----------------+----+--------+------+-----+----+------+-----+---------+---------------+
| GlbID | Track | Driver Type/Pin | Constraint | Clock Loads | Non-Clock Loads | FF | LUTRAM | RAMB | DSP | GT | MMCM | PLL | Hard IP | Net           |
+-------+-------+-----------------+------------+-------------+-----------------+----+--------+------+-----+----+------+-----+---------+---------------+
| g1    | n/a   | BUFG/O          | None       |           0 |               2 |  2 |      1 |    0 |   0 |  0 |    0 |   0 |       0 | clk_IBUF_BUFG |
+-------+-------+-----------------+------------+-------------+-----------------+----+--------+------+-----+----+------+-----+---------+---------------+
* Note: Multiple constraint types applied to the driver. Please check for potential conflicts.


8. Cell Type Counts per Global Clock: Region X0Y3
-------------------------------------------------

+-------+-------+-----------------+------------+-------------+-----------------+-----+--------+------+-----+----+------+-----+---------+-----------------------+
| GlbID | Track | Driver Type/Pin | Constraint | Clock Loads | Non-Clock Loads | FF  | LUTRAM | RAMB | DSP | GT | MMCM | PLL | Hard IP | Net                   |
+-------+-------+-----------------+------------+-------------+-----------------+-----+--------+------+-----+----+------+-----+---------+-----------------------+
| g0    | n/a   | BUFGCTRL/O      | None       |           0 |             811 | 809 |      5 |    1 |   0 |  0 |    0 |   0 |       0 | cpu_clk               |
| g1    | n/a   | BUFG/O          | None       |           0 |             190 | 189 |      3 |    1 |   0 |  0 |    0 |   0 |       0 | clk_IBUF_BUFG         |
| g2    | n/a   | BUFG/O          | None       |           0 |              77 |  77 |      2 |    0 |   0 |  0 |    0 |   0 |       0 | lcd_module/clk_2_BUFG |
+-------+-------+-----------------+------------+-------------+-----------------+-----+--------+------+-----+----+------+-----+---------+-----------------------+
* Note: Multiple constraint types applied to the driver. Please check for potential conflicts.


9. Load Cell Placement Summary for Global Clock g0
--------------------------------------------------

+-------+-----------------+-------------------+-------+-------------+---------------+----------+-------------+----------+-------------+----+---------+
| GlbID | Driver Type/Pin | Driver Region (D) | Clock | Period (ns) | Waveform (ns) | Root (R) | Slice Loads | IO Loads | Clock Loads | GT | Net     |
+-------+-----------------+-------------------+-------+-------------+---------------+----------+-------------+----------+-------------+----+---------+
| g0    | BUFGCTRL/O      | n/a               |       |             |               |          |         811 |        0 |           0 |  0 | cpu_clk |
+-------+-----------------+-------------------+-------+-------------+---------------+----------+-------------+----------+-------------+----+---------+


+----+------+----+
|    | X0   | X1 |
+----+------+----+
| Y4 |    0 |  0 |
| Y3 |  811 |  0 |
| Y2 |    0 |  0 |
| Y1 |    0 |  0 |
| Y0 |    0 |  0 |
+----+------+----+


10. Load Cell Placement Summary for Global Clock g1
---------------------------------------------------

+-------+-----------------+-------------------+-------+-------------+---------------+----------+-------------+----------+-------------+----+---------------+
| GlbID | Driver Type/Pin | Driver Region (D) | Clock | Period (ns) | Waveform (ns) | Root (R) | Slice Loads | IO Loads | Clock Loads | GT | Net           |
+-------+-----------------+-------------------+-------+-------------+---------------+----------+-------------+----------+-------------+----+---------------+
| g1    | BUFG/O          | n/a               |       |             |               |          |         192 |        0 |           0 |  0 | clk_IBUF_BUFG |
+-------+-----------------+-------------------+-------+-------------+---------------+----------+-------------+----------+-------------+----+---------------+


+----+------+----+
|    | X0   | X1 |
+----+------+----+
| Y4 |    0 |  0 |
| Y3 |  190 |  0 |
| Y2 |    0 |  2 |
| Y1 |    0 |  0 |
| Y0 |    0 |  0 |
+----+------+----+


11. Load Cell Placement Summary for Global Clock g2
---------------------------------------------------

+-------+-----------------+-------------------+-------+-------------+---------------+----------+-------------+----------+-------------+----+-----------------------+
| GlbID | Driver Type/Pin | Driver Region (D) | Clock | Period (ns) | Waveform (ns) | Root (R) | Slice Loads | IO Loads | Clock Loads | GT | Net                   |
+-------+-----------------+-------------------+-------+-------------+---------------+----------+-------------+----------+-------------+----+-----------------------+
| g2    | BUFG/O          | n/a               |       |             |               |          |          77 |        0 |           0 |  0 | lcd_module/clk_2_BUFG |
+-------+-----------------+-------------------+-------+-------------+---------------+----------+-------------+----------+-------------+----+-----------------------+


+----+-----+----+
|    | X0  | X1 |
+----+-----+----+
| Y4 |   0 |  0 |
| Y3 |  77 |  0 |
| Y2 |   0 |  0 |
| Y1 |   0 |  0 |
| Y0 |   0 |  0 |
+----+-----+----+



# Location of BUFG Primitives 
set_property LOC BUFGCTRL_X0Y2 [get_cells lcd_module/clk_2_BUFG_inst]
set_property LOC BUFGCTRL_X0Y0 [get_cells cpu_clk_cg]
set_property LOC BUFGCTRL_X0Y1 [get_cells clk_IBUF_BUFG_inst]

# Location of IO Primitives which is load of clock spine

# Location of clock ports
set_property LOC IOB_X0Y22 [get_ports clk]

# Clock net "lcd_module/clk_2_BUFG" driven by instance "lcd_module/clk_2_BUFG_inst" located at site "BUFGCTRL_X0Y2"
#startgroup
create_pblock {CLKAG_lcd_module/clk_2_BUFG}
add_cells_to_pblock [get_pblocks  {CLKAG_lcd_module/clk_2_BUFG}] [get_cells -filter { PRIMITIVE_GROUP != I/O && IS_PRIMITIVE==1 && PRIMITIVE_LEVEL !=INTERNAL } -of_object [get_pins -filter {DIRECTION==IN} -of_objects [get_nets -hierarchical -filter {PARENT=="lcd_module/clk_2_BUFG"}]]]
resize_pblock [get_pblocks {CLKAG_lcd_module/clk_2_BUFG}] -add {CLOCKREGION_X0Y3:CLOCKREGION_X0Y3}
#endgroup

# Clock net "cpu_clk" driven by instance "cpu_clk_cg" located at site "BUFGCTRL_X0Y0"
#startgroup
create_pblock {CLKAG_cpu_clk}
add_cells_to_pblock [get_pblocks  {CLKAG_cpu_clk}] [get_cells -filter { PRIMITIVE_GROUP != I/O && IS_PRIMITIVE==1 && PRIMITIVE_LEVEL !=INTERNAL } -of_object [get_pins -filter {DIRECTION==IN} -of_objects [get_nets -hierarchical -filter {PARENT=="cpu_clk"}]]]
resize_pblock [get_pblocks {CLKAG_cpu_clk}] -add {CLOCKREGION_X0Y3:CLOCKREGION_X0Y3}
#endgroup

# Clock net "clk_IBUF_BUFG" driven by instance "clk_IBUF_BUFG_inst" located at site "BUFGCTRL_X0Y1"
#startgroup
create_pblock {CLKAG_clk_IBUF_BUFG}
add_cells_to_pblock [get_pblocks  {CLKAG_clk_IBUF_BUFG}] [get_cells -filter { PRIMITIVE_GROUP != I/O && IS_PRIMITIVE==1 && PRIMITIVE_LEVEL !=INTERNAL } -of_object [get_pins -filter {DIRECTION==IN} -of_objects [get_nets -hierarchical -filter {PARENT=="clk_IBUF_BUFG"}]]]
resize_pblock [get_pblocks {CLKAG_clk_IBUF_BUFG}] -add {CLOCKREGION_X0Y3:CLOCKREGION_X0Y3 CLOCKREGION_X1Y2:CLOCKREGION_X1Y2}
#endgroup
