#-----------------------------------------------------------
# Vivado v2017.1 (64-bit)
# SW Build 1846317 on Fri Apr 14 18:55:03 MDT 2017
# IP Build 1846188 on Fri Apr 14 20:52:08 MDT 2017
# Start of session at: Mon Jul 17 09:43:04 2017
# Process ID: 8892
# Current directory: F:/nscscc2017_release/develop/soc_demo_v0.02/soc_up/vivado_xpr/project_1/xilinx_ip/clk_wiz_0
# Command line: vivado.exe -gui_launcher_event rodinguilauncherevent3184 F:\nscscc2017_release\develop\soc_demo_v0.02\soc_up\vivado_xpr\project_1\xilinx_ip\clk_wiz_0\clk_wiz_0.dcp
# Log file: F:/nscscc2017_release/develop/soc_demo_v0.02/soc_up/vivado_xpr/project_1/xilinx_ip/clk_wiz_0/vivado.log
# Journal file: F:/nscscc2017_release/develop/soc_demo_v0.02/soc_up/vivado_xpr/project_1/xilinx_ip/clk_wiz_0\vivado.jou
#-----------------------------------------------------------
start_gui
open_checkpoint {F:\nscscc2017_release\develop\soc_demo_v0.02\soc_up\vivado_xpr\project_1\xilinx_ip\clk_wiz_0\clk_wiz_0.dcp}
Command: open_checkpoint {F:\nscscc2017_release\develop\soc_demo_v0.02\soc_up\vivado_xpr\project_1\xilinx_ip\clk_wiz_0\clk_wiz_0.dcp}

Starting open_checkpoint Task

Time (s): cpu = 00:00:00 ; elapsed = 00:00:00.077 . Memory (MB): peak = 766.637 ; gain = 0.000
INFO: [IP_Flow 19-234] Refreshing IP repositories
INFO: [IP_Flow 19-1704] No user IP repositories specified
INFO: [IP_Flow 19-2313] Loaded Vivado IP repository 'D:/Vivado2017/Vivado/2017.1/data/ip'.
INFO: [Netlist 29-17] Analyzing 1 Unisim elements for replacement
INFO: [Netlist 29-28] Unisim Transformation completed in 0 CPU seconds
INFO: [Project 1-479] Netlist was created with Vivado 2017.1
INFO: [Device 21-403] Loading part xc7a200tfbg676-2
INFO: [Project 1-570] Preparing netlist for logic optimization
INFO: [Project 1-111] Unisim Transformation Summary:
No Unisim elements were transformed.

INFO: [Project 1-604] Checkpoint was created with Vivado v2017.1 (64-bit) build 1846317
open_checkpoint: Time (s): cpu = 00:01:08 ; elapsed = 00:00:43 . Memory (MB): peak = 1128.801 ; gain = 364.609
exit
INFO: [Common 17-206] Exiting Vivado at Mon Jul 17 09:44:26 2017...
