Copyright 1986-2016 Xilinx, Inc. All Rights Reserved.
----------------------------------------------------------------------------------------
| Tool Version : Vivado v.2016.2 (lin64) Build 1577090 Thu Jun  2 16:32:35 MDT 2016
| Date         : Thu Feb 16 20:53:58 2017
| Host         : Lenovo-IdeaPad-Y480 running 64-bit Ubuntu 16.04.1 LTS
| Command      : report_control_sets -verbose -file alu_display_control_sets_placed.rpt
| Design       : alu_display
| Device       : xc7a200t
----------------------------------------------------------------------------------------

Control Set Information

Table of Contents
-----------------
1. Summary
2. Flip-Flop Distribution
3. Detailed Control Set Information

1. Summary
----------

+----------------------------------------------------------+-------+
|                          Status                          | Count |
+----------------------------------------------------------+-------+
| Number of unique control sets                            |    26 |
| Unused register locations in slices containing registers |    91 |
+----------------------------------------------------------+-------+


2. Flip-Flop Distribution
-------------------------

+--------------+-----------------------+------------------------+-----------------+--------------+
| Clock Enable | Synchronous Set/Reset | Asynchronous Set/Reset | Total Registers | Total Slices |
+--------------+-----------------------+------------------------+-----------------+--------------+
| No           | No                    | No                     |             102 |           45 |
| No           | No                    | Yes                    |               0 |            0 |
| No           | Yes                   | No                     |             106 |           57 |
| Yes          | No                    | No                     |              18 |            6 |
| Yes          | No                    | Yes                    |               0 |            0 |
| Yes          | Yes                   | No                     |             171 |           58 |
+--------------+-----------------------+------------------------+-----------------+--------------+


3. Detailed Control Set Information
-----------------------------------

+------------------------+-------------------------------------------------------+----------------------------------------------------------+------------------+----------------+
|      Clock Signal      |                     Enable Signal                     |                     Set/Reset Signal                     | Slice Load Count | Bel Load Count |
+------------------------+-------------------------------------------------------+----------------------------------------------------------+------------------+----------------+
|  lcd_module/clk_2_BUFG |                                                       | lcd_module/lcd_draw_module/draw_block_number1            |                1 |              1 |
|  lcd_module/clk_2_BUFG | lcd_module/lcd_draw_module/set_xy_valid_reg_n_0       | lcd_module/lcd_draw_module/draw_block_number1            |                1 |              4 |
|  clk_IBUF_BUFG         | lcd_module/touch_module/input_value[3]_i_1_n_0        | lcd_module/touch_module/input_value[31]_i_1_n_0          |                1 |              4 |
|  lcd_module/clk_2_BUFG |                                                       | lcd_module/lcd_draw_module/display_count_y[4]_i_1_n_0    |                1 |              5 |
|  clk_IBUF_BUFG         |                                                       | lcd_module/lcd_draw_module/draw_block_number_reg[0]_0[2] |                3 |              5 |
|  lcd_module/clk_2_BUFG | lcd_module/lcd_init_module/display_x_h[4]_i_1_n_0     | lcd_module/lcd_init_module/init_display_begin0           |                2 |              5 |
|  lcd_module/clk_2_BUFG | lcd_module/lcd_draw_module/draw_wr_valid0             | lcd_module/lcd_draw_module/draw_data[4]_i_1_n_0          |                2 |              5 |
|  lcd_module/clk_2_BUFG | lcd_module/lcd_init_module/init_display_begin_reg_n_0 | lcd_module/lcd_init_module/init_display_begin0           |                4 |              5 |
|  clk_IBUF_BUFG         |                                                       | lcd_module/touch_module/clk_count0                       |                2 |              6 |
|  lcd_module/clk_2_BUFG | lcd_module/lcd_draw_module/draw_block_end             | lcd_module/lcd_draw_module/draw_block_number0            |                2 |              6 |
|  clk_IBUF_BUFG         | lcd_module/touch_module/send_byte[0]_i_1_n_0          |                                                          |                2 |              8 |
|  lcd_module/clk_2_BUFG | lcd_module/lcd_draw_module/display_count_x[7]_i_2_n_0 | lcd_module/lcd_draw_module/display_count_x[7]_i_1_n_0    |                3 |              8 |
|  lcd_module/clk_2_BUFG | lcd_module/lcd_draw_module/td_count_x[8]_i_2_n_0      | lcd_module/lcd_draw_module/td_count_x[8]_i_1_n_0         |                4 |              9 |
|  lcd_module/clk_2_BUFG |                                                       | lcd_module/lcd_draw_module/td_count_y0                   |                6 |              9 |
|  lcd_module/clk_2_BUFG | lcd_module/lcd_draw_module/draw_wr_valid0             |                                                          |                4 |             10 |
|  lcd_module/clk_2_BUFG | lcd_module/lcd_init_module/display_y0                 | lcd_module/lcd_init_module/init_display_begin0           |                6 |             10 |
|  lcd_module/clk_2_BUFG | lcd_module/lcd_init_module/sel                        | lcd_module/lcd_init_module/init_rom_pc0                  |                3 |             11 |
|  clk_IBUF_BUFG         | alu_control0                                          | alu_src1[31]_i_1_n_0                                     |                5 |             12 |
|  lcd_module/clk_2_BUFG |                                                       |                                                          |                9 |             18 |
|  clk_IBUF_BUFG         |                                                       | lcd_module/touch_module/rst_count0                       |                6 |             22 |
|  clk_IBUF_BUFG         |                                                       | lcd_module/touch_module/int_o_en_reg_0                   |               11 |             26 |
|  clk_IBUF_BUFG         | lcd_module/touch_module/input_value[31]_i_2_n_0       | lcd_module/touch_module/input_value[31]_i_1_n_0          |                4 |             28 |
|  clk_IBUF_BUFG         |                                                       | display_value[31]_i_1_n_0                                |               27 |             32 |
|  clk_IBUF_BUFG         | alu_src20                                             | alu_src1[31]_i_1_n_0                                     |                9 |             32 |
|  clk_IBUF_BUFG         | alu_src10                                             | alu_src1[31]_i_1_n_0                                     |               12 |             32 |
|  clk_IBUF_BUFG         |                                                       |                                                          |               36 |             84 |
+------------------------+-------------------------------------------------------+----------------------------------------------------------+------------------+----------------+


