Copyright 1986-2016 Xilinx, Inc. All Rights Reserved.
-------------------------------------------------------------------------------------------------------------------------------------------------------
| Tool Version     : Vivado v.2016.2 (lin64) Build 1577090 Thu Jun  2 16:32:35 MDT 2016
| Date             : Thu Feb 16 20:54:49 2017
| Host             : Lenovo-IdeaPad-Y480 running 64-bit Ubuntu 16.04.1 LTS
| Command          : report_power -file alu_display_power_routed.rpt -pb alu_display_power_summary_routed.pb -rpx alu_display_power_routed.rpx
| Design           : alu_display
| Device           : xc7a200tfbg676-2
| Design State     : routed
| Grade            : commercial
| Process          : typical
| Characterization : Production
-------------------------------------------------------------------------------------------------------------------------------------------------------

Power Report

Table of Contents
-----------------
1. Summary
1.1 On-Chip Components
1.2 Power Supply Summary
1.3 Confidence Level
2. Settings
2.1 Environment
2.2 Clock Constraints
3. Detailed Reports
3.1 By Hierarchy

1. Summary
----------

+--------------------------+----------------------------------+
| Total On-Chip Power (W)  | 49.084 (Junction temp exceeded!) |
| Dynamic (W)              | 47.752                           |
| Device Static (W)        | 1.332                            |
| Effective TJA (C/W)      | 1.9                              |
| Max Ambient (C)          | 0.0                              |
| Junction Temperature (C) | 116.8                            |
| Confidence Level         | Low                              |
| Setting File             | ---                              |
| Simulation Activity File | ---                              |
| Design Nets Matched      | NA                               |
+--------------------------+----------------------------------+


1.1 On-Chip Components
----------------------

+----------------+-----------+----------+-----------+-----------------+
| On-Chip        | Power (W) | Used     | Available | Utilization (%) |
+----------------+-----------+----------+-----------+-----------------+
| Slice Logic    |     1.183 |     1574 |       --- |             --- |
|   LUT as Logic |     1.047 |      923 |    133800 |            0.69 |
|   Register     |     0.063 |      397 |    267600 |            0.15 |
|   BUFG         |     0.052 |        2 |        32 |            6.25 |
|   CARRY4       |     0.013 |       15 |     33450 |            0.04 |
|   F7/F8 Muxes  |     0.006 |       35 |    133800 |            0.03 |
|   Others       |     0.000 |       14 |       --- |             --- |
| Signals        |     1.701 |     1242 |       --- |             --- |
| Block RAM      |     0.129 |        1 |       365 |            0.27 |
| I/O            |    44.740 |       30 |       400 |            7.50 |
| Static Power   |     1.332 |          |           |                 |
| Total          |    49.084 |          |           |                 |
+----------------+-----------+----------+-----------+-----------------+


1.2 Power Supply Summary
------------------------

+-----------+-------------+-----------+-------------+------------+
| Source    | Voltage (V) | Total (A) | Dynamic (A) | Static (A) |
+-----------+-------------+-----------+-------------+------------+
| Vccint    |       1.000 |     3.958 |       3.014 |      0.944 |
| Vccaux    |       1.800 |     1.805 |       1.639 |      0.166 |
| Vcco33    |       3.300 |    12.665 |      12.660 |      0.005 |
| Vcco25    |       2.500 |     0.000 |       0.000 |      0.000 |
| Vcco18    |       1.800 |     0.000 |       0.000 |      0.000 |
| Vcco15    |       1.500 |     0.000 |       0.000 |      0.000 |
| Vcco135   |       1.350 |     0.000 |       0.000 |      0.000 |
| Vcco12    |       1.200 |     0.000 |       0.000 |      0.000 |
| Vccaux_io |       1.800 |     0.000 |       0.000 |      0.000 |
| Vccbram   |       1.000 |     0.048 |       0.010 |      0.037 |
| MGTAVcc   |       1.000 |     0.000 |       0.000 |      0.000 |
| MGTAVtt   |       1.200 |     0.000 |       0.000 |      0.000 |
| Vccadc    |       1.800 |     0.020 |       0.000 |      0.020 |
+-----------+-------------+-----------+-------------+------------+


1.3 Confidence Level
--------------------

+-----------------------------+------------+--------------------------------------------------------+--------------------------------------------------------------------------------------------------------------------+
| User Input Data             | Confidence | Details                                                | Action                                                                                                             |
+-----------------------------+------------+--------------------------------------------------------+--------------------------------------------------------------------------------------------------------------------+
| Design implementation state | High       | Design is routed                                       |                                                                                                                    |
| Clock nodes activity        | Low        | User specified less than 75% of clocks                 | Provide missing clock activity with a constraint file, simulation results or by editing the "By Clock Domain" view |
| I/O nodes activity          | Low        | More than 75% of inputs are missing user specification | Provide missing input activity with simulation results or by editing the "By Resource Type -> I/Os" view           |
| Internal nodes activity     | Medium     | User specified less than 25% of internal nodes         | Provide missing internal nodes activity with simulation results or by editing the "By Resource Type" views         |
| Device models               | High       | Device models are Production                           |                                                                                                                    |
|                             |            |                                                        |                                                                                                                    |
| Overall confidence level    | Low        |                                                        |                                                                                                                    |
+-----------------------------+------------+--------------------------------------------------------+--------------------------------------------------------------------------------------------------------------------+


2. Settings
-----------

2.1 Environment
---------------

+-----------------------+--------------------------+
| Ambient Temp (C)      | 25.0                     |
| ThetaJA (C/W)         | 1.9                      |
| Airflow (LFM)         | 250                      |
| Heat Sink             | medium (Medium Profile)  |
| ThetaSA (C/W)         | 3.4                      |
| Board Selection       | medium (10"x10")         |
| # of Board Layers     | 12to15 (12 to 15 Layers) |
| Board Temperature (C) | 25.0                     |
+-----------------------+--------------------------+


2.2 Clock Constraints
---------------------

+-------+--------+-----------------+
| Clock | Domain | Constraint (ns) |
+-------+--------+-----------------+


3. Detailed Reports
-------------------

3.1 By Hierarchy
----------------

+-----------------------------------------+-----------+
| Name                                    | Power (W) |
+-----------------------------------------+-----------+
| alu_display                             |    47.752 |
|   alu_module                            |     0.000 |
|     adder_module                        |     0.000 |
|   lcd_module                            |    47.571 |
|     lcd_draw_module                     |     0.825 |
|     lcd_init_module                     |     0.670 |
|     lcd_rom_module                      |     0.433 |
|       U0                                |     0.433 |
|         inst_blk_mem_gen                |     0.433 |
|           gnativebmg.native_blk_mem_gen |     0.433 |
|             valid.cstr                  |     0.433 |
|               ramloop[0].ram.r          |     0.433 |
|                 prim_init.ram           |     0.433 |
|     touch_module                        |     0.289 |
|       int_io                            |     0.000 |
|       sda_io                            |     0.036 |
+-----------------------------------------+-----------+


